FILE [INFO ] 06-02-2022 1:46 pm main SortingController - User created random array
FILE [INFO ] 06-02-2022 2:06 pm main SortingController - User chose Bubble sort to sort the array
FILE [INFO ] 06-02-2022 2:06 pm main SortingController - User created random array
FILE [INFO ] 06-02-2022 2:08 pm main SortingController - User chose Merge sort to sort the array
FILE [INFO ] 06-02-2022 2:08 pm main SortingController - User created random array of size 15
FILE [INFO ] 06-02-2022 2:19 pm main FactoryMain - Sort Manager initiated
FILE [INFO ] 06-02-2022 2:19 pm main SortingController - User chose Bubble sort to sort the array
FILE [INFO ] 06-02-2022 2:19 pm main SortingController - User created random array of size 17
FILE [INFO ] 06-02-2022 2:20 pm main FactoryMain - Sort Manager initiated
FILE [INFO ] 06-02-2022 2:20 pm main SortingController - User chose Merge sort to sort the array
FILE [INFO ] 06-02-2022 2:20 pm main SortingController - User created random array of size 19
FILE [INFO ] 06-02-2022 2:21 pm main FactoryMain - Sort Manager initiated
FILE [INFO ] 06-02-2022 2:21 pm main SortingController - User chose Merge sort to sort the array
FILE [INFO ] 06-02-2022 2:21 pm main SortingController - User created random array of size 34
FILE [INFO ] 06-02-2022 2:26 pm main FactoryMain - Sort Manager initiated
FILE [INFO ] 06-02-2022 2:26 pm main SortingController - User chose Bubble sort to sort the array
FILE [INFO ] 06-02-2022 2:26 pm main SortingController - User created random array of size 156
FILE [INFO ] 06-02-2022 2:28 pm main FactoryMain - Sort Manager initiated
FILE [INFO ] 06-02-2022 2:28 pm main SortingController - User chose Merge sort to sort the array
FILE [INFO ] 06-02-2022 2:28 pm main SortingController - User created random array of size 198
FILE [INFO ] 06-02-2022 2:29 pm main FactoryMain - Sort Manager initiated
FILE [INFO ] 06-02-2022 2:29 pm main SortingController - User chose Merge sort to sort the array
FILE [INFO ] 06-02-2022 2:29 pm main SortingController - User created random array of size 87
FILE [INFO ] 06-02-2022 2:29 pm main FactoryMain - Sort Manager initiated
FILE [INFO ] 06-02-2022 2:29 pm main SortingController - User chose Merge sort to sort the array
FILE [INFO ] 06-02-2022 2:29 pm main SortingController - User created random array of size 957
